<?xml version="1.0" encoding="UTF-8"?>
<!-- Generated by org.testng.reporters.JUnitReportReporter -->
<testsuite hostname="DESKTOP-CTNIRRU" failures="0" tests="1" name="com.OrangeHRM.tests.Get_data" time="0.917" errors="0" timestamp="2022-06-29T21:50:15 IST" skipped="0">
  <testcase classname="com.OrangeHRM.tests.Get_data" name="datapull" time="0.917"/>
  <system-out/>
</testsuite> <!-- com.OrangeHRM.tests.Get_data -->
