<?xml version="1.0" encoding="UTF-8"?>
<!-- Generated by org.testng.reporters.JUnitReportReporter -->
<testsuite hostname="DESKTOP-CTNIRRU" failures="0" tests="2" name="com.OrangeHRM.tests.Login_test" time="3.087" errors="0" timestamp="2023-07-23T10:51:13 IST" skipped="0">
  <testcase classname="com.OrangeHRM.tests.Login_test" name="Login_HRM" time="3.087"/>
  <system-out/>
  <testcase classname="com.OrangeHRM.tests.Login_test" name="testt" time="0.000"/>
  <system-out/>
</testsuite> <!-- com.OrangeHRM.tests.Login_test -->
