<?xml version="1.0" encoding="UTF-8"?>
<!-- Generated by org.testng.reporters.JUnitReportReporter -->
<testsuite hostname="DESKTOP-CTNIRRU" failures="0" tests="1" name="com.OrangeHRM.tests.LoginNewTest" time="0.006" errors="0" timestamp="2023-02-22T14:21:08 IST" skipped="0">
  <testcase classname="com.OrangeHRM.tests.LoginNewTest" name="hello" time="0.006"/>
  <system-out/>
</testsuite> <!-- com.OrangeHRM.tests.LoginNewTest -->
