<?xml version="1.0" encoding="UTF-8"?>
<!-- Generated by org.testng.reporters.JUnitReportReporter -->
<testsuite hostname="DESKTOP-CTNIRRU" failures="0" tests="1" name="com.OrangeHRM.tests.Login_test" time="3.430" errors="0" timestamp="2023-08-08T07:37:23 IST" skipped="0">
  <testcase classname="com.OrangeHRM.tests.Login_test" name="Login_HRM" time="3.430"/>
  <system-out/>
</testsuite> <!-- com.OrangeHRM.tests.Login_test -->
