<?xml version="1.0" encoding="UTF-8"?>
<!-- Generated by org.testng.reporters.JUnitReportReporter -->
<testsuite hostname="DESKTOP-CTNIRRU" failures="0" tests="2" name="com.OrangeHRM.tests.Login_test" time="2.469" errors="0" timestamp="2023-05-26T21:33:56 IST" skipped="0">
  <testcase classname="com.OrangeHRM.tests.Login_test" name="Login_HRM" time="2.467"/>
  <system-out/>
  <testcase classname="com.OrangeHRM.tests.Login_test" name="testt" time="0.002"/>
  <system-out/>
</testsuite> <!-- com.OrangeHRM.tests.Login_test -->
