<?xml version="1.0" encoding="UTF-8"?>
<!-- Generated by org.testng.reporters.JUnitReportReporter -->
<testsuite hostname="DESKTOP-CTNIRRU" failures="0" tests="1" name="com.OrangeHRM.tests.Login_test" time="19.541" errors="0" timestamp="2022-05-14T22:47:10 IST" skipped="0">
  <testcase classname="com.OrangeHRM.tests.Login_test" name="Login_HRM" time="19.541"/>
  <system-out/>
</testsuite> <!-- com.OrangeHRM.tests.Login_test -->
