<?xml version="1.0" encoding="UTF-8"?>
<!-- Generated by org.testng.reporters.JUnitReportReporter -->
<testsuite hostname="DESKTOP-CTNIRRU" failures="0" tests="1" name="com.OrangeHRM.tests.Get_data" time="0.805" errors="0" timestamp="2023-07-23T10:38:58 IST" skipped="0">
  <testcase classname="com.OrangeHRM.tests.Get_data" name="datapull" time="0.805"/>
  <system-out/>
</testsuite> <!-- com.OrangeHRM.tests.Get_data -->
